<?xml version="1.0" encoding="UTF-8"?>
<!-- Generated by org.testng.reporters.JUnitXMLReporter -->
<testsuite ignored="0" hostname="MOMDAD" failures="0" tests="2" name="Test" time="14.379" errors="0" timestamp="2024-02-21T20:20:15 IST">
  <testcase classname="org.POM_TestCases.PushpaMovieDetailsFromIMDBSourceTC" name="verifyPushpaMovieDetailsFromIMDB" time="0.359"/>
  <testcase classname="org.POM_TestCases.PushPaMovieDetailsFromWickipediaSourceTC" name="verifyMovieInformation" time="0.16"/>
</testsuite> <!-- Test -->
