<?xml version="1.0" encoding="UTF-8"?>
<testng-results ignored="0" total="1" passed="1" failed="0" skipped="0">
  <reporter-output>
    <line>
      <![CDATA[country name is =India]]>
    </line>
    <line>
      <![CDATA[release date is =December 17, 2021 (United States)]]>
    </line>
  </reporter-output>
  <suite started-at="2023-09-11T23:14:40 IST" name="Default suite" finished-at="2023-09-11T23:15:06 IST" duration-ms="26056">
    <groups>
    </groups>
    <test started-at="2023-09-11T23:14:40 IST" name="Default test" finished-at="2023-09-11T23:15:06 IST" duration-ms="26056">
      <class name="org.POM_TestCases.PushpaMovieDetailsFromIMDBSourceTC">
        <test-method is-config="true" signature="initializeBrowser()[pri:0, instance:org.POM_TestCases.PushpaMovieDetailsFromIMDBSourceTC@4c1909a3]" started-at="2023-09-11T23:14:40 IST" name="initializeBrowser" finished-at="2023-09-11T23:15:05 IST" duration-ms="24785" status="PASS">
          <reporter-output>
          </reporter-output>
        </test-method> <!-- initializeBrowser -->
        <test-method signature="verifyPushpaMovieDetailsFromIMDB()[pri:0, instance:org.POM_TestCases.PushpaMovieDetailsFromIMDBSourceTC@4c1909a3]" started-at="2023-09-11T23:15:05 IST" name="verifyPushpaMovieDetailsFromIMDB" finished-at="2023-09-11T23:15:05 IST" duration-ms="221" status="PASS">
          <reporter-output>
            <line>
              <![CDATA[country name is =India]]>
            </line>
            <line>
              <![CDATA[release date is =December 17, 2021 (United States)]]>
            </line>
          </reporter-output>
        </test-method> <!-- verifyPushpaMovieDetailsFromIMDB -->
        <test-method is-config="true" signature="CloseBrowser()[pri:0, instance:org.POM_TestCases.PushpaMovieDetailsFromIMDBSourceTC@4c1909a3]" started-at="2023-09-11T23:15:05 IST" name="CloseBrowser" finished-at="2023-09-11T23:15:06 IST" duration-ms="923" status="PASS">
          <reporter-output>
          </reporter-output>
        </test-method> <!-- CloseBrowser -->
      </class> <!-- org.POM_TestCases.PushpaMovieDetailsFromIMDBSourceTC -->
    </test> <!-- Default test -->
  </suite> <!-- Default suite -->
</testng-results>
