<?xml version="1.0" encoding="UTF-8"?>
<testng-results ignored="0" total="2" passed="1" failed="1" skipped="0">
  <reporter-output>
    <line>
      <![CDATA[country name is =India]]>
    </line>
    <line>
      <![CDATA[country name is =India]]>
    </line>
    <line>
      <![CDATA[release date is =December 17, 2021 (United States)]]>
    </line>
  </reporter-output>
  <suite started-at="2023-09-18T16:56:26 IST" name="Suite" finished-at="2023-09-18T16:56:48 IST" duration-ms="21946">
    <groups>
    </groups>
    <test started-at="2023-09-18T16:56:26 IST" name="Test" finished-at="2023-09-18T16:56:48 IST" duration-ms="21946">
      <class name="org.POM_TestCases.PushpaMovieDetailsFromIMDBSourceTC">
        <test-method is-config="true" signature="initializeBrowser()[pri:0, instance:org.POM_TestCases.PushpaMovieDetailsFromIMDBSourceTC@2d710f1a]" started-at="2023-09-18T16:56:26 IST" name="initializeBrowser" finished-at="2023-09-18T16:56:45 IST" duration-ms="18340" status="PASS">
          <reporter-output>
          </reporter-output>
        </test-method> <!-- initializeBrowser -->
        <test-method signature="verifyPushpaMovieDetailsFromIMDB()[pri:0, instance:org.POM_TestCases.PushpaMovieDetailsFromIMDBSourceTC@2d710f1a]" started-at="2023-09-18T16:56:45 IST" name="verifyPushpaMovieDetailsFromIMDB" finished-at="2023-09-18T16:56:45 IST" duration-ms="380" status="PASS">
          <reporter-output>
            <line>
              <![CDATA[country name is =India]]>
            </line>
            <line>
              <![CDATA[release date is =December 17, 2021 (United States)]]>
            </line>
          </reporter-output>
        </test-method> <!-- verifyPushpaMovieDetailsFromIMDB -->
        <test-method is-config="true" signature="CloseBrowser()[pri:0, instance:org.POM_TestCases.PushpaMovieDetailsFromIMDBSourceTC@2d710f1a]" started-at="2023-09-18T16:56:45 IST" name="CloseBrowser" finished-at="2023-09-18T16:56:46 IST" duration-ms="1095" status="PASS">
          <reporter-output>
          </reporter-output>
        </test-method> <!-- CloseBrowser -->
      </class> <!-- org.POM_TestCases.PushpaMovieDetailsFromIMDBSourceTC -->
      <class name="org.POM_TestCases.PushPaMovieDetailsFromWickipediaSourceTC">
        <test-method is-config="true" signature="initializeBrowse()[pri:0, instance:org.POM_TestCases.PushPaMovieDetailsFromWickipediaSourceTC@1c7696c6]" started-at="2023-09-18T16:56:26 IST" name="initializeBrowse" finished-at="2023-09-18T16:56:37 IST" duration-ms="10543" status="PASS">
          <reporter-output>
          </reporter-output>
        </test-method> <!-- initializeBrowse -->
        <test-method signature="verifyMovieInformation()[pri:0, instance:org.POM_TestCases.PushPaMovieDetailsFromWickipediaSourceTC@1c7696c6]" started-at="2023-09-18T16:56:37 IST" name="verifyMovieInformation" finished-at="2023-09-18T16:56:47 IST" duration-ms="10584" status="FAIL">
          <exception class="org.openqa.selenium.NoSuchElementException">
            <message>
              <![CDATA[no such element: Unable to locate element: {"method":"xpath","selector":"/html/body/div/div/div[3]/main/div[2]/div[3]/div/table/tbody/tr[12]/td/div/ul/li"}
  (Session info: chrome=117.0.5938.89)
For documentation on this error, please visit: https://www.selenium.dev/documentation/webdriver/troubleshooting/errors#no-such-element-exception
Build info: version: '4.11.0', revision: '040bc5406b'
System info: os.name: 'Windows 11', os.arch: 'amd64', os.version: '10.0', java.version: '17.0.3'
Driver info: org.openqa.selenium.chrome.ChromeDriver
Command: [7cb6e581ea6c8ddf4e2485eacc5436d9, findElement {using=xpath, value=/html/body/div/div/div[3]/main/div[2]/div[3]/div/table/tbody/tr[12]/td/div/ul/li}]
Capabilities {acceptInsecureCerts: false, browserName: chrome, browserVersion: 117.0.5938.89, chrome: {chromedriverVersion: 117.0.5938.88 (be6afae47212..., userDataDir: C:\Users\rushi\AppData\Loca...}, fedcm:accounts: true, goog:chromeOptions: {debuggerAddress: localhost:54249}, networkConnectionEnabled: false, pageLoadStrategy: normal, platformName: windows, proxy: Proxy(), se:cdp: ws://localhost:54249/devtoo..., se:cdpVersion: 117.0.5938.89, setWindowRect: true, strictFileInteractability: false, timeouts: {implicit: 0, pageLoad: 300000, script: 30000}, unhandledPromptBehavior: dismiss and notify, webauthn:extension:credBlob: true, webauthn:extension:largeBlob: true, webauthn:extension:minPinLength: true, webauthn:extension:prf: true, webauthn:virtualAuthenticators: true}
Session ID: 7cb6e581ea6c8ddf4e2485eacc5436d9]]>
            </message>
            <full-stacktrace>
              <![CDATA[org.openqa.selenium.NoSuchElementException: no such element: Unable to locate element: {"method":"xpath","selector":"/html/body/div/div/div[3]/main/div[2]/div[3]/div/table/tbody/tr[12]/td/div/ul/li"}
  (Session info: chrome=117.0.5938.89)
For documentation on this error, please visit: https://www.selenium.dev/documentation/webdriver/troubleshooting/errors#no-such-element-exception
Build info: version: '4.11.0', revision: '040bc5406b'
System info: os.name: 'Windows 11', os.arch: 'amd64', os.version: '10.0', java.version: '17.0.3'
Driver info: org.openqa.selenium.chrome.ChromeDriver
Command: [7cb6e581ea6c8ddf4e2485eacc5436d9, findElement {using=xpath, value=/html/body/div/div/div[3]/main/div[2]/div[3]/div/table/tbody/tr[12]/td/div/ul/li}]
Capabilities {acceptInsecureCerts: false, browserName: chrome, browserVersion: 117.0.5938.89, chrome: {chromedriverVersion: 117.0.5938.88 (be6afae47212..., userDataDir: C:\Users\rushi\AppData\Loca...}, fedcm:accounts: true, goog:chromeOptions: {debuggerAddress: localhost:54249}, networkConnectionEnabled: false, pageLoadStrategy: normal, platformName: windows, proxy: Proxy(), se:cdp: ws://localhost:54249/devtoo..., se:cdpVersion: 117.0.5938.89, setWindowRect: true, strictFileInteractability: false, timeouts: {implicit: 0, pageLoad: 300000, script: 30000}, unhandledPromptBehavior: dismiss and notify, webauthn:extension:credBlob: true, webauthn:extension:largeBlob: true, webauthn:extension:minPinLength: true, webauthn:extension:prf: true, webauthn:virtualAuthenticators: true}
Session ID: 7cb6e581ea6c8ddf4e2485eacc5436d9
at java.base/jdk.internal.reflect.NativeConstructorAccessorImpl.newInstance0(Native Method)
at java.base/jdk.internal.reflect.NativeConstructorAccessorImpl.newInstance(NativeConstructorAccessorImpl.java:77)
at java.base/jdk.internal.reflect.DelegatingConstructorAccessorImpl.newInstance(DelegatingConstructorAccessorImpl.java:45)
at java.base/java.lang.reflect.Constructor.newInstanceWithCaller(Constructor.java:499)
at java.base/java.lang.reflect.Constructor.newInstance(Constructor.java:480)
at org.openqa.selenium.remote.codec.w3c.W3CHttpResponseCodec.createException(W3CHttpResponseCodec.java:200)
at org.openqa.selenium.remote.codec.w3c.W3CHttpResponseCodec.decode(W3CHttpResponseCodec.java:133)
at org.openqa.selenium.remote.codec.w3c.W3CHttpResponseCodec.decode(W3CHttpResponseCodec.java:52)
at org.openqa.selenium.remote.HttpCommandExecutor.execute(HttpCommandExecutor.java:191)
at org.openqa.selenium.remote.service.DriverCommandExecutor.invokeExecute(DriverCommandExecutor.java:196)
at org.openqa.selenium.remote.service.DriverCommandExecutor.execute(DriverCommandExecutor.java:171)
at org.openqa.selenium.remote.RemoteWebDriver.execute(RemoteWebDriver.java:518)
at org.openqa.selenium.remote.ElementLocation$ElementFinder$2.findElement(ElementLocation.java:165)
at org.openqa.selenium.remote.ElementLocation.findElement(ElementLocation.java:59)
at org.openqa.selenium.remote.RemoteWebDriver.findElement(RemoteWebDriver.java:355)
at org.openqa.selenium.remote.RemoteWebDriver.findElement(RemoteWebDriver.java:349)
at org.openqa.selenium.support.pagefactory.DefaultElementLocator.findElement(DefaultElementLocator.java:68)
at org.openqa.selenium.support.pagefactory.internal.LocatingElementHandler.invoke(LocatingElementHandler.java:38)
at jdk.proxy2/jdk.proxy2.$Proxy16.getText(Unknown Source)
at org.POM_Pages.PushPaMovieDetailsFromWickipediaSource.getReleaseDate(PushPaMovieDetailsFromWickipediaSource.java:29)
at org.POM_TestCases.PushPaMovieDetailsFromWickipediaSourceTC.verifyMovieInformation(PushPaMovieDetailsFromWickipediaSourceTC.java:32)
at java.base/jdk.internal.reflect.NativeMethodAccessorImpl.invoke0(Native Method)
at java.base/jdk.internal.reflect.NativeMethodAccessorImpl.invoke(NativeMethodAccessorImpl.java:77)
at java.base/jdk.internal.reflect.DelegatingMethodAccessorImpl.invoke(DelegatingMethodAccessorImpl.java:43)
at java.base/java.lang.reflect.Method.invoke(Method.java:568)
at org.testng.internal.invokers.MethodInvocationHelper.invokeMethod(MethodInvocationHelper.java:139)
at org.testng.internal.invokers.TestInvoker.invokeMethod(TestInvoker.java:677)
at org.testng.internal.invokers.TestInvoker.invokeTestMethod(TestInvoker.java:221)
at org.testng.internal.invokers.MethodRunner.runInSequence(MethodRunner.java:50)
at org.testng.internal.invokers.TestInvoker$MethodInvocationAgent.invoke(TestInvoker.java:969)
at org.testng.internal.invokers.TestInvoker.invokeTestMethods(TestInvoker.java:194)
at org.testng.internal.invokers.TestMethodWorker.invokeTestMethods(TestMethodWorker.java:148)
at org.testng.internal.invokers.TestMethodWorker.run(TestMethodWorker.java:128)
at java.base/java.util.concurrent.ThreadPoolExecutor.runWorker(ThreadPoolExecutor.java:1136)
at java.base/java.util.concurrent.ThreadPoolExecutor$Worker.run(ThreadPoolExecutor.java:635)
at java.base/java.lang.Thread.run(Thread.java:833)
]]>
            </full-stacktrace>
          </exception> <!-- org.openqa.selenium.NoSuchElementException -->
          <reporter-output>
            <line>
              <![CDATA[country name is =India]]>
            </line>
          </reporter-output>
        </test-method> <!-- verifyMovieInformation -->
        <test-method is-config="true" signature="CloseBrowser()[pri:0, instance:org.POM_TestCases.PushPaMovieDetailsFromWickipediaSourceTC@1c7696c6]" started-at="2023-09-18T16:56:47 IST" name="CloseBrowser" finished-at="2023-09-18T16:56:48 IST" duration-ms="683" status="PASS">
          <reporter-output>
          </reporter-output>
        </test-method> <!-- CloseBrowser -->
      </class> <!-- org.POM_TestCases.PushPaMovieDetailsFromWickipediaSourceTC -->
    </test> <!-- Test -->
  </suite> <!-- Suite -->
</testng-results>
